Log file open, 12/29/17 20:23:09
LogWindows: Failed to load 'aqProf.dll' (GetLastError=126)
LogWindows: File 'aqProf.dll' does not exist
LogWindows: Failed to load 'VSPerf140.dll' (GetLastError=126)
LogWindows: File 'VSPerf140.dll' does not exist
LogWindows: Failed to load 'VtuneApi.dll' (GetLastError=126)
LogWindows: File 'VtuneApi.dll' does not exist
LogWindows: Failed to load 'VtuneApi32e.dll' (GetLastError=126)
LogWindows: File 'VtuneApi32e.dll' does not exist
LogInit: Display: Running engine for game: MyProject3
LogPlatformFile: Not using cached read wrapper
LogInit: Display: RandInit(-803957829) SRandInit(-803957829).
LogInit: Read version file with build ID '3709383'
LogInit: Overriding engine version to CL 3754814, compatible CL 3709383
LogInit: Registered custom module enumerator with build ID '3709383'
LogTaskGraph: Started task graph with 5 named threads and 8 total threads with 3 sets of task threads.
LogStats: Stats thread started at 7.246455
LogD3D11RHI: Aftermath initialized
LogModuleManager: Display: Found up-to-date module file ../../../Engine/Plugins/2D/Paper2D/Binaries/Win64/UE4Editor-Paper2D.dll (API version 3709383).
LogModuleManager: Display: Found up-to-date module file ../../../Engine/Plugins/2D/Paper2D/Binaries/Win64/UE4Editor-Paper2DEditor.dll (API version 3709383).
LogModuleManager: Display: Found up-to-date module file ../../../Engine/Plugins/2D/Paper2D/Binaries/Win64/UE4Editor-PaperSpriteSheetImporter.dll (API version 3709383).
LogModuleManager: Display: Found up-to-date module file ../../../Engine/Plugins/2D/Paper2D/Binaries/Win64/UE4Editor-PaperTiledImporter.dll (API version 3709383).
LogModuleManager: Display: Found up-to-date module file ../../../Engine/Plugins/2D/Paper2D/Binaries/Win64/UE4Editor-SmartSnapping.dll (API version 3709383).
LogModuleManager: Display: Found up-to-date module file ../../../Engine/Plugins/Blendables/LightPropagationVolume/Binaries/Win64/UE4Editor-LightPropagationVolumeRuntime.dll (API version 3709383).
LogModuleManager: Display: Found up-to-date module file ../../../Engine/Plugins/Blendables/LightPropagationVolume/Binaries/Win64/UE4Editor-LightPropagationVolumeEditor.dll (API version 3709383).
LogModuleManager: Display: Found up-to-date module file ../../../Engine/Plugins/Developer/GitSourceControl/Binaries/Win64/UE4Editor-GitSourceControl.dll (API version 3709383).
LogModuleManager: Display: Found up-to-date module file ../../../Engine/Plugins/Developer/PerforceSourceControl/Binaries/Win64/UE4Editor-PerforceSourceControl.dll (API version 3709383).
LogModuleManager: Display: Found up-to-date module file ../../../Engine/Plugins/Developer/SubversionSourceControl/Binaries/Win64/UE4Editor-SubversionSourceControl.dll (API version 3709383).
LogModuleManager: Display: Found up-to-date module file ../../../Engine/Plugins/Developer/UObjectPlugin/Binaries/Win64/UE4Editor-UObjectPlugin.dll (API version 3709383).
LogModuleManager: Display: Found up-to-date module file ../../../Engine/Plugins/Developer/VisualStudioCodeSourceCodeAccess/Binaries/Win64/UE4Editor-VisualStudioCodeSourceCodeAccess.dll (API version 3709383).
LogModuleManager: Display: Found up-to-date module file ../../../Engine/Plugins/Developer/VisualStudioSourceCodeAccess/Binaries/Win64/UE4Editor-VisualStudioSourceCodeAccess.dll (API version 3709383).
LogModuleManager: Display: Found up-to-date module file ../../../Engine/Plugins/Editor/AssetManagerEditor/Binaries/Win64/UE4Editor-AssetManagerEditor.dll (API version 3709383).
LogModuleManager: Display: Found up-to-date module file ../../../Engine/Plugins/Editor/AudioCapture/Binaries/Win64/UE4Editor-AudioCapture.dll (API version 3709383).
LogModuleManager: Display: Found up-to-date module file ../../../Engine/Plugins/Editor/FacialAnimation/Binaries/Win64/UE4Editor-FacialAnimation.dll (API version 3709383).
LogModuleManager: Display: Found up-to-date module file ../../../Engine/Plugins/Editor/FacialAnimation/Binaries/Win64/UE4Editor-FacialAnimationEditor.dll (API version 3709383).
LogModuleManager: Display: Found up-to-date module file ../../../Engine/Plugins/Editor/GameplayTagsEditor/Binaries/Win64/UE4Editor-GameplayTagsEditor.dll (API version 3709383).
LogModuleManager: Display: Found up-to-date module file ../../../Engine/Plugins/Editor/MobileLauncherProfileWizard/Binaries/Win64/UE4Editor-MobileLauncherProfileWizard.dll (API version 3709383).
LogModuleManager: Display: Found up-to-date module file ../../../Engine/Plugins/Editor/PluginBrowser/Binaries/Win64/UE4Editor-PluginBrowser.dll (API version 3709383).
LogModuleManager: Display: Found up-to-date module file ../../../Engine/Plugins/Editor/SpeedTreeImporter/Binaries/Win64/UE4Editor-SpeedTreeImporter.dll (API version 3709383).
LogModuleManager: Display: Found up-to-date module file ../../../Engine/Plugins/Experimental/AlembicImporter/Binaries/Win64/UE4Editor-AlembicImporter.dll (API version 3709383).
LogModuleManager: Display: Found up-to-date module file ../../../Engine/Plugins/Experimental/AlembicImporter/Binaries/Win64/UE4Editor-AlembicLibrary.dll (API version 3709383).
LogModuleManager: Display: Found up-to-date module file ../../../Engine/Plugins/Experimental/CharacterAI/Binaries/Win64/UE4Editor-CharacterAI.dll (API version 3709383).
LogModuleManager: Display: Found up-to-date module file ../../../Engine/Plugins/Experimental/HTML5Networking/Binaries/Win64/UE4Editor-HTML5Networking.dll (API version 3709383).
LogModuleManager: Display: Found up-to-date module file ../../../Engine/Plugins/Media/AndroidMedia/Binaries/Win64/UE4Editor-AndroidMediaEditor.dll (API version 3709383).
LogModuleManager: Display: Found up-to-date module file ../../../Engine/Plugins/Media/AndroidMedia/Binaries/Win64/UE4Editor-AndroidMediaFactory.dll (API version 3709383).
LogModuleManager: Display: Found up-to-date module file ../../../Engine/Plugins/Media/AvfMedia/Binaries/Win64/UE4Editor-AvfMediaEditor.dll (API version 3709383).
LogModuleManager: Display: Found up-to-date module file ../../../Engine/Plugins/Media/AvfMedia/Binaries/Win64/UE4Editor-AvfMediaFactory.dll (API version 3709383).
LogModuleManager: Display: Found up-to-date module file ../../../Engine/Plugins/Media/AvfMedia/Binaries/Win64/UE4Editor-AvfMediaFactory.dll (API version 3709383).
LogModuleManager: Display: Found up-to-date module file ../../../Engine/Plugins/Media/ImgMedia/Binaries/Win64/UE4Editor-ImgMedia.dll (API version 3709383).
LogModuleManager: Display: Found up-to-date module file ../../../Engine/Plugins/Media/ImgMedia/Binaries/Win64/UE4Editor-ImgMediaEditor.dll (API version 3709383).
LogModuleManager: Display: Found up-to-date module file ../../../Engine/Plugins/Media/ImgMedia/Binaries/Win64/UE4Editor-ImgMediaFactory.dll (API version 3709383).
LogModuleManager: Display: Found up-to-date module file ../../../Engine/Plugins/Media/ImgMedia/Binaries/Win64/UE4Editor-ImgMediaFactory.dll (API version 3709383).
LogModuleManager: Display: Found up-to-date module file ../../../Engine/Plugins/Media/ImgMedia/Binaries/Win64/UE4Editor-OpenExrWrapper.dll (API version 3709383).
LogModuleManager: Display: Found up-to-date module file ../../../Engine/Plugins/Media/MediaCompositing/Binaries/Win64/UE4Editor-MediaCompositing.dll (API version 3709383).
LogModuleManager: Display: Found up-to-date module file ../../../Engine/Plugins/Media/MediaCompositing/Binaries/Win64/UE4Editor-MediaCompositingEditor.dll (API version 3709383).
LogModuleManager: Display: Found up-to-date module file ../../../Engine/Plugins/Media/MediaPlayerEditor/Binaries/Win64/UE4Editor-MediaPlayerEditor.dll (API version 3709383).
LogModuleManager: Display: Found up-to-date module file ../../../Engine/Plugins/Media/WmfMedia/Binaries/Win64/UE4Editor-WmfMedia.dll (API version 3709383).
LogModuleManager: Display: Found up-to-date module file ../../../Engine/Plugins/Media/WmfMedia/Binaries/Win64/UE4Editor-WmfMediaEditor.dll (API version 3709383).
LogModuleManager: Display: Found up-to-date module file ../../../Engine/Plugins/Media/WmfMedia/Binaries/Win64/UE4Editor-WmfMediaFactory.dll (API version 3709383).
LogModuleManager: Display: Found up-to-date module file ../../../Engine/Plugins/Media/WmfMedia/Binaries/Win64/UE4Editor-WmfMediaFactory.dll (API version 3709383).
LogModuleManager: Display: Found up-to-date module file ../../../Engine/Plugins/Messaging/TcpMessaging/Binaries/Win64/UE4Editor-TcpMessaging.dll (API version 3709383).
LogModuleManager: Display: Found up-to-date module file ../../../Engine/Plugins/Messaging/UdpMessaging/Binaries/Win64/UE4Editor-UdpMessaging.dll (API version 3709383).
LogModuleManager: Display: Found up-to-date module file ../../../Engine/Plugins/MovieScene/ActorSequence/Binaries/Win64/UE4Editor-ActorSequence.dll (API version 3709383).
LogModuleManager: Display: Found up-to-date module file ../../../Engine/Plugins/MovieScene/LevelSequenceEditor/Binaries/Win64/UE4Editor-LevelSequenceEditor.dll (API version 3709383).
LogModuleManager: Display: Found up-to-date module file ../../../Engine/Plugins/MovieScene/MatineeToLevelSequence/Binaries/Win64/UE4Editor-MatineeToLevelSequence.dll (API version 3709383).
LogModuleManager: Display: Found up-to-date module file ../../../Engine/Plugins/Online/OnlineSubsystem/Binaries/Win64/UE4Editor-OnlineSubsystem.dll (API version 3709383).
LogModuleManager: Display: Found up-to-date module file ../../../Engine/Plugins/Runtime/AndroidPermission/Binaries/Win64/UE4Editor-AndroidPermission.dll (API version 3709383).
LogModuleManager: Display: Found up-to-date module file ../../../Engine/Plugins/Online/OnlineSubsystemNull/Binaries/Win64/UE4Editor-OnlineSubsystemNull.dll (API version 3709383).
LogModuleManager: Display: Found up-to-date module file ../../../Engine/Plugins/Online/OnlineSubsystemUtils/Binaries/Win64/UE4Editor-OnlineSubsystemUtils.dll (API version 3709383).
LogModuleManager: Display: Found up-to-date module file ../../../Engine/Plugins/Online/OnlineSubsystemUtils/Binaries/Win64/UE4Editor-OnlineBlueprintSupport.dll (API version 3709383).
LogModuleManager: Display: Found up-to-date module file ../../../Engine/Plugins/Runtime/AndroidDeviceProfileSelector/Binaries/Win64/UE4Editor-AndroidDeviceProfileSelector.dll (API version 3709383).
LogModuleManager: Display: Found up-to-date module file ../../../Engine/Plugins/Runtime/AppleARKit/Binaries/Win64/UE4Editor-AppleARKit.dll (API version 3709383).
LogModuleManager: Display: Found up-to-date module file ../../../Engine/Plugins/Runtime/ArchVisCharacter/Binaries/Win64/UE4Editor-ArchVisCharacter.dll (API version 3709383).
LogModuleManager: Display: Found up-to-date module file ../../../Engine/Plugins/Runtime/CableComponent/Binaries/Win64/UE4Editor-CableComponent.dll (API version 3709383).
LogModuleManager: Display: Found up-to-date module file ../../../Engine/Plugins/Runtime/CustomMeshComponent/Binaries/Win64/UE4Editor-CustomMeshComponent.dll (API version 3709383).
LogModuleManager: Display: Found up-to-date module file ../../../Engine/Plugins/Runtime/ExampleDeviceProfileSelector/Binaries/Win64/UE4Editor-ExampleDeviceProfileSelector.dll (API version 3709383).
LogModuleManager: Display: Found up-to-date module file ../../../Engine/Plugins/Runtime/ImmediatePhysics/Binaries/Win64/UE4Editor-ImmediatePhysics.dll (API version 3709383).
LogModuleManager: Display: Found up-to-date module file ../../../Engine/Plugins/Runtime/ImmediatePhysics/Binaries/Win64/UE4Editor-ImmediatePhysicsEditor.dll (API version 3709383).
LogModuleManager: Display: Found up-to-date module file ../../../Engine/Plugins/Runtime/LocationServicesBPLibrary/Binaries/Win64/UE4Editor-LocationServicesBPLibrary.dll (API version 3709383).
LogModuleManager: Display: Found up-to-date module file ../../../Engine/Plugins/Runtime/MobilePatchingUtils/Binaries/Win64/UE4Editor-MobilePatchingUtils.dll (API version 3709383).
LogModuleManager: Display: Found up-to-date module file ../../../Engine/Plugins/Runtime/Oculus/OculusVR/Binaries/Win64/UE4Editor-OculusHMD.dll (API version 3709383).
LogModuleManager: Display: Found up-to-date module file ../../../Engine/Plugins/Runtime/Oculus/OculusVR/Binaries/Win64/UE4Editor-OculusInput.dll (API version 3709383).
LogModuleManager: Display: Found up-to-date module file ../../../Engine/Plugins/Runtime/Oculus/OculusVR/Binaries/Win64/UE4Editor-OculusEditor.dll (API version 3709383).
LogModuleManager: Display: Found up-to-date module file ../../../Engine/Plugins/Runtime/PhysXVehicles/Binaries/Win64/UE4Editor-PhysXVehicles.dll (API version 3709383).
LogModuleManager: Display: Found up-to-date module file ../../../Engine/Plugins/Runtime/PhysXVehicles/Binaries/Win64/UE4Editor-PhysXVehiclesEditor.dll (API version 3709383).
LogModuleManager: Display: Found up-to-date module file ../../../Engine/Plugins/Runtime/ProceduralMeshComponent/Binaries/Win64/UE4Editor-ProceduralMeshComponent.dll (API version 3709383).
LogModuleManager: Display: Found up-to-date module file ../../../Engine/Plugins/Runtime/ProceduralMeshComponent/Binaries/Win64/UE4Editor-ProceduralMeshComponentEditor.dll (API version 3709383).
LogModuleManager: Display: Found up-to-date module file ../../../Engine/Plugins/Runtime/RuntimePhysXCooking/Binaries/Win64/UE4Editor-RuntimePhysXCooking.dll (API version 3709383).
LogModuleManager: Display: Found up-to-date module file ../../../Engine/Plugins/Runtime/Steam/SteamVR/Binaries/Win64/UE4Editor-SteamVR.dll (API version 3709383).
LogModuleManager: Display: Found up-to-date module file ../../../Engine/Plugins/Runtime/Steam/SteamVR/Binaries/Win64/UE4Editor-SteamVRController.dll (API version 3709383).
LogModuleManager: Display: Found up-to-date module file ../../../Engine/Plugins/Runtime/WindowsMoviePlayer/Binaries/Win64/UE4Editor-WindowsMoviePlayer.dll (API version 3709383).
LogPluginManager: Mounting plugin Paper2D
LogPluginManager: Mounting plugin LightPropagationVolume
LogPluginManager: Mounting plugin CodeLiteSourceCodeAccess
LogPluginManager: Mounting plugin GitSourceControl
LogPluginManager: Mounting plugin KDevelopSourceCodeAccess
LogPluginManager: Mounting plugin NullSourceCodeAccess
LogPluginManager: Mounting plugin PerforceSourceControl
LogPluginManager: Mounting plugin SubversionSourceControl
LogPluginManager: Mounting plugin UObjectPlugin
LogPluginManager: Mounting plugin VisualStudioCodeSourceCodeAccess
LogPluginManager: Mounting plugin VisualStudioSourceCodeAccess
LogPluginManager: Mounting plugin XCodeSourceCodeAccess
LogPluginManager: Mounting plugin AssetManagerEditor
LogPluginManager: Mounting plugin AudioCapture
LogPluginManager: Mounting plugin FacialAnimation
LogPluginManager: Mounting plugin GameplayTagsEditor
LogPluginManager: Mounting plugin MobileLauncherProfileWizard
LogPluginManager: Mounting plugin PluginBrowser
LogPluginManager: Mounting plugin SpeedTreeImporter
LogPluginManager: Mounting plugin AlembicImporter
LogPluginManager: Mounting plugin CharacterAI
LogPluginManager: Mounting plugin HTML5Networking
LogPluginManager: Mounting plugin AndroidMedia
LogPluginManager: Mounting plugin AvfMedia
LogPluginManager: Mounting plugin ImgMedia
LogPluginManager: Mounting plugin MediaCompositing
LogPluginManager: Mounting plugin MediaPlayerEditor
LogPluginManager: Mounting plugin WmfMedia
LogPluginManager: Mounting plugin TcpMessaging
LogPluginManager: Mounting plugin UdpMessaging
LogPluginManager: Mounting plugin ActorSequence
LogPluginManager: Mounting plugin LevelSequenceEditor
LogPluginManager: Mounting plugin MatineeToLevelSequence
LogPluginManager: Mounting plugin OnlineSubsystemGooglePlay
LogPluginManager: Mounting plugin OnlineSubsystemIOS
LogPluginManager: Mounting plugin OnlineSubsystem
LogPluginManager: Mounting plugin OnlineSubsystemNull
LogPluginManager: Mounting plugin OnlineSubsystemUtils
LogPluginManager: Mounting plugin AndroidDeviceProfileSelector
LogPluginManager: Mounting plugin AndroidMoviePlayer
LogPluginManager: Mounting plugin AndroidPermission
LogPluginManager: Mounting plugin AppleARKit
LogPluginManager: Mounting plugin AppleMoviePlayer
LogPluginManager: Mounting plugin ArchVisCharacter
LogPluginManager: Mounting plugin CableComponent
LogPluginManager: Mounting plugin CustomMeshComponent
LogPluginManager: Mounting plugin ExampleDeviceProfileSelector
LogPluginManager: Mounting plugin GoogleCloudMessaging
LogPluginManager: Mounting plugin ImmediatePhysics
LogPluginManager: Mounting plugin IOSDeviceProfileSelector
LogPluginManager: Mounting plugin LinuxDeviceProfileSelector
LogPluginManager: Mounting plugin LocationServicesBPLibrary
LogPluginManager: Mounting plugin MobilePatchingUtils
LogPluginManager: Mounting plugin OculusVR
LogPluginManager: Plugin shader directory ../../../Engine/Plugins/Runtime/Oculus/OculusVR/Shaders found
LogPluginManager: Mapping shader source directory ../../../Engine/Plugins/Runtime/Oculus/OculusVR/Shaders to virtual directory /Plugin/OculusVR
LogPluginManager: Mounting plugin PhysXVehicles
LogPluginManager: Mounting plugin ProceduralMeshComponent
LogPluginManager: Mounting plugin RuntimePhysXCooking
LogPluginManager: Mounting plugin SteamVR
LogPluginManager: Mounting plugin WindowsMoviePlayer
LogInit: Using libcurl 7.47.1
LogInit:  - built for x86_64-pc-win32
LogInit:  - supports SSL with OpenSSL/1.0.2g
LogInit:  - supports HTTP deflate (compression) using libz 1.2.8
LogInit:  - other features:
LogInit:      CURL_VERSION_SSL
LogInit:      CURL_VERSION_LIBZ
LogInit:      CURL_VERSION_IPV6
LogInit:      CURL_VERSION_ASYNCHDNS
LogInit:      CURL_VERSION_LARGEFILE
LogInit:      CURL_VERSION_IDN
LogInit:  CurlRequestOptions (configurable via config and command line):
LogInit:  - bVerifyPeer = false  - Libcurl will NOT verify peer certificate
LogInit:  - bUseHttpProxy = false  - Libcurl will NOT use HTTP proxy
LogInit:  - bDontReuseConnections = false  - Libcurl will reuse connections
LogInit:  - CertBundlePath = nullptr  - Libcurl will use whatever was configured at build time.
LogInit: Build: ++UE4+Release-4.18-CL-3754814
LogInit: Engine Version: 4.18.1-3754814+++UE4+Release-4.18
LogInit: Compatible Engine Version: 4.18.0-3709383+++UE4+Release-4.18
LogInit: Net CL: 3709383
LogDevObjectVersion: Number of dev versions registered: 16
LogDevObjectVersion:   Dev-Blueprints (B0D832E4-1F89-4F0D-ACCF-7EB736FD4AA2): 10
LogDevObjectVersion:   Dev-Build (E1C64328-A22C-4D53-A36C-8E866417BD8C): 0
LogDevObjectVersion:   Dev-Core (375EC13C-06E4-48FB-B500-84F0262A717E): 2
LogDevObjectVersion:   Dev-Editor (E4B068ED-F494-42E9-A231-DA0B2E46BB41): 20
LogDevObjectVersion:   Dev-Framework (CFFC743F-43B0-4480-9391-14DF171D2073): 30
LogDevObjectVersion:   Dev-Mobile (B02B49B5-BB20-44E9-A304-32B752E40360): 0
LogDevObjectVersion:   Dev-Networking (A4E4105C-59A1-49B5-A7C5-40C4547EDFEE): 0
LogDevObjectVersion:   Dev-Online (39C831C9-5AE6-47DC-9A44-9C173E1C8E7C): 0
LogDevObjectVersion:   Dev-Physics (78F01B33-EBEA-4F98-B9B4-84EACCB95AA2): 0
LogDevObjectVersion:   Dev-Platform (6631380F-2D4D-43E0-8009-CF276956A95A): 0
LogDevObjectVersion:   Dev-Rendering (12F88B9F-8875-4AFC-A67C-D90C383ABD29): 20
LogDevObjectVersion:   Dev-Sequencer (7B5AE74C-D270-4C10-A958-57980B212A5A): 4
LogDevObjectVersion:   Dev-VR (D7296918-1DD6-4BDD-9DE2-64A83CC13884): 0
LogDevObjectVersion:   Dev-LoadTimes (C2A15278-BFE7-4AFE-6C17-90FF531DF755): 1
LogDevObjectVersion:   Private-Geometry (6EACA3D4-40EC-4CC1-B786-8BED09428FC5): 1
LogDevObjectVersion:   Dev-AnimPhys (29E575DD-E0A3-4627-9D10-D276232CDCEA): 12
LogInit: Compiled (64-bit): Nov 14 2017 02:05:55
LogInit: Compiled with Visual C++: 19.00.24215.01
LogInit: Build Configuration: Development
LogInit: Branch Name: ++UE4+Release-4.18
LogInit: Command line:  
LogInit: Base directory: C:/Program Files/Epic Games/UE_4.18/Engine/Binaries/Win64/
LogInit: Installed Engine Build: 1
LogInit: Presizing for max 8388607 objects, including 0 objects not considered by GC, pre-allocating 0 bytes for permanent pool.
LogInit: Object subsystem initialized
[2017.12.29-19.23.24:496][  0]LogInit: Selected Device Profile: [Windows]
[2017.12.29-19.23.24:517][  0]LogInit: Applying CVar settings loaded from the selected device profile: [Windows]
[2017.12.29-19.23.25:034][  0]LogInit: Computer: FRANCISPC
[2017.12.29-19.23.25:034][  0]LogInit: User: francis
[2017.12.29-19.23.25:034][  0]LogInit: CPU Page size=4096, Cores=2
[2017.12.29-19.23.25:034][  0]LogInit: High frequency timer resolution =2.343751 MHz
[2017.12.29-19.23.25:053][  0]LogMemory: Memory total: Physical=3.9GB (4GB approx)
[2017.12.29-19.23.25:053][  0]LogMemory: Platform Memory Stats for Windows
[2017.12.29-19.23.25:054][  0]LogMemory: Process Physical Memory: 271.37 MB used, 271.37 MB peak
[2017.12.29-19.23.25:054][  0]LogMemory: Process Virtual Memory: 269.13 MB used, 269.13 MB peak
[2017.12.29-19.23.25:054][  0]LogMemory: Physical Memory: 3602.59 MB used,  416.68 MB free, 4019.27 MB total
[2017.12.29-19.23.25:054][  0]LogMemory: Virtual Memory: 625.86 MB used,  416.68 MB free, 134217728.00 MB total
[2017.12.29-19.23.29:127][  0]LogInit: Using OS detected language (fr-FR).
[2017.12.29-19.23.29:127][  0]LogInit: Using OS detected locale (fr-FR).
[2017.12.29-19.23.29:458][  0]LogTextLocalizationManager: No localization for 'fr-FR' exists, so 'en' will be used for the language.
[2017.12.29-19.23.29:461][  0]LogTextLocalizationManager: No localization for 'fr-FR' exists, so 'en' will be used for the locale.
[2017.12.29-19.23.32:215][  0]LogInit: Setting process to per monitor DPI aware
[2017.12.29-19.23.39:698][  0]LogD3D11RHI: D3D11 adapters:
[2017.12.29-19.23.39:826][  0]LogD3D11RHI:    0. 'Intel(R) HD Graphics Family' (Feature Level 11_0)
[2017.12.29-19.23.39:827][  0]LogD3D11RHI:       112/0/2009 MB DedicatedVideo/DedicatedSystem/SharedSystem, Outputs:1, VendorId:0x8086
[2017.12.29-19.23.39:864][  0]LogD3D11RHI:    1. 'Microsoft Basic Render Driver' (Feature Level 11_0)
[2017.12.29-19.23.39:864][  0]LogD3D11RHI:       0/0/2009 MB DedicatedVideo/DedicatedSystem/SharedSystem, Outputs:0, VendorId:0x1414
[2017.12.29-19.23.39:864][  0]LogD3D11RHI: Chosen D3D11 Adapter: 0
[2017.12.29-19.23.39:971][  0]LogD3D11RHI: Creating new Direct3DDevice
[2017.12.29-19.23.39:973][  0]LogD3D11RHI:     GPU DeviceId: 0xa16 (for the marketing name, search the web for "GPU Device Id")
[2017.12.29-19.23.39:973][  0]LogWindows: EnumDisplayDevices:
[2017.12.29-19.23.39:973][  0]LogWindows:    0. 'Intel(R) HD Graphics Family' (P:1 D:1)
[2017.12.29-19.23.39:983][  0]LogWindows:    1. 'Intel(R) HD Graphics Family' (P:0 D:0)
[2017.12.29-19.23.39:983][  0]LogWindows:    2. 'Intel(R) HD Graphics Family' (P:0 D:0)
[2017.12.29-19.23.39:983][  0]LogWindows: DebugString: FoundDriverCount:3 
[2017.12.29-19.23.39:983][  0]LogD3D11RHI:     Adapter Name: Intel(R) HD Graphics Family
[2017.12.29-19.23.39:983][  0]LogD3D11RHI:   Driver Version: 10.18.15.4248 (internal:10.18.15.4248, unified:10.18.15.4248)
[2017.12.29-19.23.39:984][  0]LogD3D11RHI:      Driver Date: 8-4-2015
[2017.12.29-19.23.39:984][  0]LogRHI: Texture pool is 782 MB (70% of 1117 MB)
[2017.12.29-19.23.40:042][  0]LogD3D11RHI: Async texture creation enabled
[2017.12.29-19.23.40:993][  0]LogD3D11RHI: GPU Timing Frequency: 12.500000 (Debug: 2 0)
[2017.12.29-19.23.41:327][  0]LogShaderCompilers: Guid format shader working directory is -29 characters bigger than the processId version (../../../../../../Users/francis/Documents/Unreal Projects/MyProject3-master/Intermediate/Shaders/WorkingDirectory/106284/).
[2017.12.29-19.23.41:327][  0]LogShaderCompilers: Cleaned the shader compiler working directory 'C:/Users/francis/AppData/Local/Temp/UnrealShaderWorkingDir/01A120B14A0EBC07AB2D05B916442A7F/'.
[2017.12.29-19.23.41:366][  0]LogShaderCompilers: Display: Using Local Shader Compiler.
[2017.12.29-19.24.07:133][  0]LogTemp: Display: Loaded TP AllDesktopTargetPlatform
[2017.12.29-19.24.07:625][  0]LogTemp: Display: Loaded TP MacClientTargetPlatform
[2017.12.29-19.24.08:262][  0]LogTemp: Display: Loaded TP MacNoEditorTargetPlatform
[2017.12.29-19.24.08:612][  0]LogTemp: Display: Loaded TP MacServerTargetPlatform
[2017.12.29-19.24.09:179][  0]LogTemp: Display: Loaded TP MacTargetPlatform
[2017.12.29-19.24.09:695][  0]LogTemp: Display: Loaded TP WindowsClientTargetPlatform
[2017.12.29-19.24.10:177][  0]LogTemp: Display: Loaded TP WindowsNoEditorTargetPlatform
[2017.12.29-19.24.10:710][  0]LogTemp: Display: Loaded TP WindowsServerTargetPlatform
[2017.12.29-19.24.11:367][  0]LogTemp: Display: Loaded TP WindowsTargetPlatform
[2017.12.29-19.24.11:854][  0]LogTemp: Display: Loaded TP Android_ASTCTargetPlatform
[2017.12.29-19.24.12:364][  0]LogTemp: Display: Loaded TP Android_ATCTargetPlatform
[2017.12.29-19.24.12:702][  0]LogTemp: Display: Loaded TP Android_DXTTargetPlatform
[2017.12.29-19.24.13:219][  0]LogTemp: Display: Loaded TP Android_ETC1TargetPlatform
[2017.12.29-19.24.13:792][  0]LogTemp: Display: Loaded TP Android_ETC2TargetPlatform
[2017.12.29-19.24.15:013][  0]LogTemp: Display: Loaded TP Android_MultiTargetPlatform
[2017.12.29-19.24.15:014][  0]LogTemp: Display: Loaded TP Android_PVRTCTargetPlatform
[2017.12.29-19.24.15:644][  0]LogTemp: Display: Loaded TP AndroidTargetPlatform
[2017.12.29-19.24.16:249][  0]LogTemp: Display: Loaded TP HTML5TargetPlatform
[2017.12.29-19.24.16:910][  0]LogTemp: Display: Loaded TP IOSTargetPlatform
[2017.12.29-19.24.17:101][  0]LogTemp: Display: Loaded TP TVOSTargetPlatform
[2017.12.29-19.24.17:751][  0]LogTemp: Display: Loaded TP LinuxClientTargetPlatform
[2017.12.29-19.24.18:291][  0]LogTemp: Display: Loaded TP LinuxNoEditorTargetPlatform
[2017.12.29-19.24.18:991][  0]LogTemp: Display: Loaded TP LinuxServerTargetPlatform
[2017.12.29-19.24.19:475][  0]LogTemp: Display: Loaded TP LinuxTargetPlatform
[2017.12.29-19.24.19:475][  0]LogTargetPlatformManager: Display: Building Assets For Windows
[2017.12.29-19.24.25:757][  0]LogDerivedDataCache: Display: Max Cache Size: 512 MB
[2017.12.29-19.24.27:223][  0]LogDerivedDataCache: Loaded boot cache 1.44s 78MB C:/Users/francis/AppData/Local/UnrealEngine/4.18/DerivedDataCache/Boot.ddc.
[2017.12.29-19.24.27:223][  0]LogDerivedDataCache: Display: Loaded Boot cache: C:/Users/francis/AppData/Local/UnrealEngine/4.18/DerivedDataCache/Boot.ddc
[2017.12.29-19.24.27:223][  0]LogDerivedDataCache: FDerivedDataBackendGraph:  Pak pak cache file ../../../../../../Users/francis/Documents/Unreal Projects/MyProject3-master/DerivedDataCache/DDC.ddp not found, will not use a pak cache.
[2017.12.29-19.24.27:223][  0]LogDerivedDataCache: Unable to find inner node Pak for hierarchical cache Hierarchy.
[2017.12.29-19.24.27:224][  0]LogDerivedDataCache: FDerivedDataBackendGraph:  CompressedPak pak cache file ../../../../../../Users/francis/Documents/Unreal Projects/MyProject3-master/DerivedDataCache/Compressed.ddp not found, will not use a pak cache.
[2017.12.29-19.24.27:224][  0]LogDerivedDataCache: Unable to find inner node CompressedPak for hierarchical cache Hierarchy.
[2017.12.29-19.24.27:363][  0]LogDerivedDataCache: Display: Pak cache opened for reading ../../../Engine/DerivedDataCache/Compressed.ddp.
[2017.12.29-19.24.27:707][  0]LogDerivedDataCache: Using Local data cache path C:/Users/francis/AppData/Local/UnrealEngine/Common/DerivedDataCache: Writable
[2017.12.29-19.24.27:892][  0]LogMaterial: Verifying Global Shaders for PCD3D_SM5
[2017.12.29-19.24.28:228][  0]LogSlate: Using Freetype 2.6.0
[2017.12.29-19.24.28:461][  0]LogSlate: SlateFontCache - WITH_FREETYPE: 1, WITH_HARFBUZZ: 1
[2017.12.29-19.24.28:476][  0]LogSlate: SlateFontCache - WITH_FREETYPE: 1, WITH_HARFBUZZ: 1
[2017.12.29-19.24.45:959][  0]LogInit: Selected Device Profile: [Windows]
[2017.12.29-19.24.55:146][  0]LogSimplygon: Simplygon DLL not present - disabling.
[2017.12.29-19.24.55:599][  0]LogMeshReduction: Using SimplygonSwarm for distributed automatic mesh merging
[2017.12.29-19.24.55:618][  0]LogMeshReduction: Using QuadricMeshReduction for automatic static mesh reduction
[2017.12.29-19.24.55:618][  0]LogMeshReduction: No automatic skeletal mesh reduction module available
[2017.12.29-19.24.55:618][  0]LogMeshReduction: No automatic mesh merging module available
[2017.12.29-19.24.55:618][  0]LogMeshMerging: No automatic mesh merging module available
[2017.12.29-19.24.57:138][  0]LogNetVersion: MyProject3 , NetCL: 3709383, EngineNetVer: 2, GameNetVer: 0 (Checksum: 3540592630)
[2017.12.29-19.25.01:882][  0]LogAssetRegistry: FAssetRegistry took 0.1117 seconds to start up
[2017.12.29-19.25.29:945][  0]LogPackageLocalizationCache: Processed 7 localized package path(s) for 1 prioritized culture(s) in 0.739335 seconds
[2017.12.29-19.25.30:219][  0]LogUObjectArray: 35900 objects as part of root set at end of initial load.
[2017.12.29-19.25.30:253][  0]LogUObjectAllocator: 7372024 out of 0 bytes used by permanent object pool.
[2017.12.29-19.25.30:253][  0]LogUObjectArray: CloseDisregardForGC: 0/0 objects in disregard for GC pool
[2017.12.29-19.25.31:526][  0]LogInit: WinSock: version 1.1 (2.2), MaxSocks=32767, MaxUdp=65467
[2017.12.29-19.27.05:351][  0]LogTcpMessaging: Initializing TcpMessaging bridge
[2017.12.29-19.27.05:815][  0]LogUdpMessaging: Initializing bridge on interface 0.0.0.0:0 to multicast group 230.0.0.1:6666.
[2017.12.29-19.27.15:724][  0]LogMaterial: Uniform references updated for custom material expression Custom.
[2017.12.29-19.27.23:095][  0]SourceControl: Source control is disabled
[2017.12.29-19.27.23:098][  0]SourceControl: Source control is disabled
[2017.12.29-19.27.23:761][  0]SourceControl: Source control is disabled
[2017.12.29-19.27.24:556][  0]SourceControl: Source control is disabled
[2017.12.29-19.27.35:498][  0]LogAndroidPermission: UAndroidPermissionCallbackProxy::GetInstance
[2017.12.29-19.27.38:700][  0]LogOcInput: OculusInput pre-init called
[2017.12.29-19.27.43:037][  0]LogEngine: Initializing Engine...
[2017.12.29-19.27.43:239][  0]LogHMD: Failed to initialize OpenVR with code 110
[2017.12.29-19.27.46:338][  0]LogStats: UGameplayTagsManager::ConstructGameplayTagTree: Construct from data asset -  0.000 s
[2017.12.29-19.27.46:493][  0]LogStats: UGameplayTagsManager::ConstructGameplayTagTree: GameplayTagTreeChangedEvent.Broadcast -  0.053 s
[2017.12.29-19.27.51:315][  0]LogAIModule: Creating AISystem for world Untitled
[2017.12.29-19.27.52:630][  0]LogInit: XAudio2 using 'Haut-parleurs (Realtek High Definition Audio)' : 2 channels at 48 kHz using 32 bits per sample (channel mask 0x3)
[2017.12.29-19.27.53:014][  0]LogInit: FAudioDevice initialized.
[2017.12.29-19.27.54:012][  0]LogDerivedDataCache: Saved boot cache 0.97s 78MB C:/Users/francis/AppData/Local/UnrealEngine/4.18/DerivedDataCache/Boot.ddc.
[2017.12.29-19.27.54:065][  0]LogInit: Texture streaming: Enabled
[2017.12.29-19.27.56:111][  0]LogEngineSessionManager: EngineSessionManager initialized
[2017.12.29-19.27.59:537][  0]LogInit: Transaction tracking system initialized
[2017.12.29-19.28.05:389][  0]BlueprintLog: New page: Editor Load
[2017.12.29-19.28.25:984][  0]LocalizationService: Localization service is disabled
[2017.12.29-19.28.47:704][  0]LogConsoleResponse: Display: 
[2017.12.29-19.29.01:209][  0]LogFileCache: Scanning file cache for directory 'C:/Users/francis/Documents/Unreal Projects/MyProject3-master/Content/' took 0.06s
[2017.12.29-19.29.01:209][  0]LogCook: Display: Max memory allowance for cook 16384mb min free memory 0mb
[2017.12.29-19.29.01:340][  0]LogCook: Display: Mobile HDR setting 1
[2017.12.29-19.29.01:643][  0]LogGameplayTags: Display: UGameplayTagsManager::DoneAddingNativeTags. DelegateIsBound: 0
[2017.12.29-19.29.20:036][  0]SourceControl: Source control is disabled
[2017.12.29-19.29.20:379][  0]Cmd: MAP LOAD FILE="../../../Engine/Content/Maps/Templates/Template_Default.umap" TEMPLATE=1 SHOWPROGRESS=1 FEATURELEVEL=3
[2017.12.29-19.29.20:705][  0]LightingResults: New page: Lighting Build
[2017.12.29-19.29.24:219][  0]MapCheck: New page: Map Check
[2017.12.29-19.29.24:219][  0]LightingResults: New page: Lighting Build
[2017.12.29-19.29.50:522][  0]LogAIModule: Creating AISystem for world Untitled_1
[2017.12.29-19.29.56:992][  0]LogEditorServer: Finished looking for orphan Actors (0.001 secs)
[2017.12.29-19.29.58:915][  0]Cmd: MAP CHECKDEP NOCLEARLOG
[2017.12.29-19.30.02:402][  0]MapCheck: Map check complete: 0 Error(s), 0 Warning(s), took 3,459.896ms to complete.
[2017.12.29-19.30.02:459][  0]LogFileHelpers: Loading map 'Template_Default' took 42.193
[2017.12.29-19.30.35:454][  0]LogCollectionManager: Loaded 0 collections in 0.059526 seconds
[2017.12.29-19.30.57:901][  0]LogFileCache: Scanning file cache for directory 'C:/Users/francis/Documents/Unreal Projects/MyProject3-master/Saved/Collections/' took 0.02s
[2017.12.29-19.30.57:901][  0]LogFileCache: Scanning file cache for directory 'C:/Users/francis/Documents/Unreal Projects/MyProject3-master/Content/Developers/francis/Collections/' took 0.01s
[2017.12.29-19.30.57:901][  0]LogFileCache: Scanning file cache for directory 'C:/Users/francis/Documents/Unreal Projects/MyProject3-master/Content/Collections/' took 0.02s
[2017.12.29-19.30.57:901][  0]LogCollectionManager: Rebuilt the GUID cache for 0 collections in 0.000001 seconds
[2017.12.29-19.30.58:372][  0]LogContentBrowser: Native class hierarchy populated in 0.1389 seconds. Added 2363 classes and 519 folders.
[2017.12.29-19.31.01:502][  0]LogContentBrowser: Native class hierarchy updated for 'WidgetCarousel' in 0.0010 seconds. Added 0 classes and 0 folders.
[2017.12.29-19.31.21:249][  0]LogContentBrowser: Native class hierarchy updated for 'AddContentDialog' in 0.0005 seconds. Added 0 classes and 0 folders.
[2017.12.29-19.31.25:203][  0]LogContentBrowser: Native class hierarchy updated for 'SceneOutliner' in 0.0004 seconds. Added 1 classes and 2 folders.
[2017.12.29-19.31.56:501][  0]LogSlate: Took 0.024134 seconds to synchronously load lazily loaded font '../../../Engine/Content/Slate/Fonts/Roboto-Regular.ttf' (155K)
[2017.12.29-19.31.56:899][  0]LogSlate: Took 0.105782 seconds to synchronously load lazily loaded font '../../../Engine/Content/Slate/Fonts/Roboto-Bold.ttf' (160K)
[2017.12.29-19.31.57:611][  0]LogSlate: Took 0.092646 seconds to synchronously load lazily loaded font '../../../Engine/Content/Editor/Slate/Fonts/FontAwesome.ttf' (139K)
[2017.12.29-19.32.03:021][  0]LogRenderer: Reallocating scene render targets to support 1004x456 Format 9 NumSamples 1 (Frame:1).
[2017.12.29-19.32.21:898][  0]LogContentBrowser: Native class hierarchy updated for 'HierarchicalLODOutliner' in 0.0004 seconds. Added 1 classes and 2 folders.
[2017.12.29-19.32.21:898][  0]LogLoad: (Engine Initialization) Total time: 573.30 seconds
[2017.12.29-19.32.21:898][  0]LogLoad: (Engine Initialization) Total Blueprint compile time: 0.00 seconds
[2017.12.29-19.32.22:027][  0]LogExternalProfiler: No external profilers were discovered.  External profiling features will not be available.
[2017.12.29-19.32.26:721][  0]LogContentStreaming: Texture pool size now 400 MB
[2017.12.29-19.32.31:201][  2]LogSlate: Took 0.061465 seconds to synchronously load lazily loaded font '../../../Engine/Content/Slate/Fonts/Roboto-Light.ttf' (159K)
[2017.12.29-19.32.33:427][ 12]LogAssetRegistry: Asset discovery search completed in 451.5755 seconds
[2017.12.29-19.32.33:806][ 12]LogCollectionManager: Rebuilt the object cache for 0 collections in 0.000000 seconds (found 0 objects)
[2017.12.29-19.32.33:829][ 12]LogCollectionManager: Fixed up redirectors for 0 collections in 0.249240 seconds (updated 0 objects)
